[15:45:33] [ServerMain/INFO]: [bootstrap] Running Java 21 (OpenJDK 64-Bit Server VM 21.0.9+10-Ubuntu-124.04; Ubuntu null) on Linux 6.8.0-1030-azure (amd64)
[15:45:33] [ServerMain/INFO]: [bootstrap] Loading Paper 1.21.8-6-main@782ce95 (2025-07-18T20:26:58Z) for Minecraft 1.21.8
[15:45:34] [ServerMain/INFO]: [PluginInitializerManager] Initializing plugins...
[15:45:37] [ServerMain/INFO]: [PluginInitializerManager] Initialized 4 plugins
[15:45:37] [ServerMain/INFO]: [PluginInitializerManager] Bukkit plugins (4):
 - Geyser-Spigot (2.9.1-SNAPSHOT), ViaBackwards (5.0.3), ViaVersion (5.5.2-SNAPSHOT), floodgate (2.2.4-SNAPSHOT (b116-0e3163c))
[15:45:42] [ServerMain/INFO]: Environment: Environment[sessionHost=https://sessionserver.mojang.com, servicesHost=https://api.minecraftservices.com, name=PROD]
[15:45:45] [ServerMain/INFO]: Loaded 1407 recipes
[15:45:45] [ServerMain/INFO]: Loaded 1520 advancements
[15:45:45] [ServerMain/INFO]: [ca.spottedleaf.dataconverter.minecraft.datatypes.MCTypeRegistry] Initialising converters for DataConverter...
[15:45:45] [ServerMain/INFO]: [ca.spottedleaf.dataconverter.minecraft.datatypes.MCTypeRegistry] Finished initialising converters for DataConverter in 399.8ms
[15:45:45] [Server thread/INFO]: Starting minecraft server version 1.21.8
[15:45:45] [Server thread/INFO]: Loading properties
[15:45:45] [Server thread/INFO]: This server is running Paper version 1.21.8-6-main@782ce95 (2025-07-18T20:26:58Z) (Implementing API version 1.21.8-R0.1-SNAPSHOT)
[15:45:45] [Server thread/INFO]: [spark] This server bundles the spark profiler. For more information please visit https://docs.papermc.io/paper/profiling
[15:45:45] [Server thread/INFO]: Server Ping Player Sample Count: 12
[15:45:45] [Server thread/INFO]: Using 4 threads for Netty based IO
[15:45:46] [Server thread/INFO]: [MoonriseCommon] Paper is using 1 worker threads, 1 I/O threads
[15:45:46] [Server thread/INFO]: [ChunkTaskScheduler] Chunk system is using population gen parallelism: true
[15:45:48] [Server thread/INFO]: Default game type: SURVIVAL
[15:45:48] [Server thread/INFO]: Generating keypair
[15:45:48] [Server thread/INFO]: Starting Minecraft server on *:25565
[15:45:48] [Server thread/INFO]: Using epoll channel type
[15:45:48] [Server thread/INFO]: Paper: Using libdeflate (Linux x86_64) compression from Velocity.
[15:45:48] [Server thread/INFO]: Paper: Using OpenSSL 3.x.x (Linux x86_64) cipher from Velocity.
[15:45:49] [Server thread/INFO]: [floodgate] Loading server plugin floodgate v2.2.4-SNAPSHOT (b116-0e3163c)
[15:45:50] [Server thread/WARN]: [floodgate] en_ is not a supported Floodgate language.
[15:45:50] [Server thread/INFO]: [floodgate] Took 1,237ms to boot Floodgate
[15:45:50] [Server thread/INFO]: [ViaVersion] Loading server plugin ViaVersion v5.5.2-SNAPSHOT
[15:45:50] [Server thread/INFO]: [ViaVersion] ViaVersion 5.5.2-SNAPSHOT is now loaded. Registering protocol transformers and injecting...
[15:45:51] [Via-Mappingloader-1/INFO]: [ViaVersion] Loading block connection mappings ...
[15:45:51] [Via-Mappingloader-1/INFO]: [ViaVersion] Using FastUtil Long2ObjectOpenHashMap for block connections
[15:45:51] [Server thread/INFO]: [ViaBackwards] Loading translations...
[15:45:51] [Server thread/ERROR]: [ViaVersion] Error initializing plugin 'ViaVersion-5.5.2-SNAPSHOT.jar' in folder 'plugins' (Is it up to date?)
java.lang.NoClassDefFoundError: com/viaversion/viaversion/rewriter/ComponentRewriter
	at java.base/java.lang.ClassLoader.defineClass1(Native Method) ~[?:?]
	at java.base/java.lang.ClassLoader.defineClass(ClassLoader.java:1027) ~[?:?]
	at java.base/java.security.SecureClassLoader.defineClass(SecureClassLoader.java:150) ~[?:?]
	at org.bukkit.plugin.java.PluginClassLoader.findClass(PluginClassLoader.java:260) ~[paper-api-1.21.8-R0.1-SNAPSHOT.jar:?]
	at java.base/java.lang.ClassLoader.loadClass(ClassLoader.java:593) ~[?:?]
	at org.bukkit.plugin.java.PluginClassLoader.loadClass0(PluginClassLoader.java:177) ~[paper-api-1.21.8-R0.1-SNAPSHOT.jar:?]
	at org.bukkit.plugin.java.PluginClassLoader.loadClass(PluginClassLoader.java:172) ~[paper-api-1.21.8-R0.1-SNAPSHOT.jar:?]
	at java.base/java.lang.ClassLoader.loadClass(ClassLoader.java:526) ~[?:?]
	at ViaBackwards-5.0.3.jar/com.viaversion.viabackwards.api.ViaBackwardsPlatform.init(ViaBackwardsPlatform.java:92) ~[ViaBackwards-5.0.3.jar:?]
	at ViaBackwards-5.0.3.jar/com.viaversion.viabackwards.BukkitPlugin.lambda$new$0(BukkitPlugin.java:38) ~[ViaBackwards-5.0.3.jar:?]
	at ViaVersion-5.5.2-SNAPSHOT.jar/com.viaversion.viaversion.ViaManagerImpl.init(ViaManagerImpl.java:115) ~[ViaVersion-5.5.2-SNAPSHOT.jar:?]
	at ViaVersion-5.5.2-SNAPSHOT.jar/com.viaversion.viaversion.ViaVersionPlugin.onLoad(ViaVersionPlugin.java:87) ~[ViaVersion-5.5.2-SNAPSHOT.jar:?]
	at io.papermc.paper.plugin.storage.ServerPluginProviderStorage.processProvided(ServerPluginProviderStorage.java:59) ~[paper-1.21.8.jar:1.21.8-6-782ce95]
	at io.papermc.paper.plugin.storage.ServerPluginProviderStorage.processProvided(ServerPluginProviderStorage.java:18) ~[paper-1.21.8.jar:1.21.8-6-782ce95]
	at io.papermc.paper.plugin.storage.SimpleProviderStorage.enter(SimpleProviderStorage.java:39) ~[paper-1.21.8.jar:1.21.8-6-782ce95]
	at io.papermc.paper.plugin.entrypoint.LaunchEntryPointHandler.enter(LaunchEntryPointHandler.java:39) ~[paper-1.21.8.jar:1.21.8-6-782ce95]
	at org.bukkit.craftbukkit.CraftServer.loadPlugins(CraftServer.java:566) ~[paper-1.21.8.jar:1.21.8-6-782ce95]
	at net.minecraft.server.dedicated.DedicatedServer.initServer(DedicatedServer.java:235) ~[paper-1.21.8.jar:1.21.8-6-782ce95]
	at net.minecraft.server.MinecraftServer.runServer(MinecraftServer.java:1164) ~[paper-1.21.8.jar:1.21.8-6-782ce95]
	at net.minecraft.server.MinecraftServer.lambda$spin$2(MinecraftServer.java:310) ~[paper-1.21.8.jar:1.21.8-6-782ce95]
	at java.base/java.lang.Thread.run(Thread.java:1583) ~[?:?]
Caused by: java.lang.ClassNotFoundException: com.viaversion.viaversion.rewriter.ComponentRewriter
	at org.bukkit.plugin.java.PluginClassLoader.loadClass0(PluginClassLoader.java:205) ~[paper-api-1.21.8-R0.1-SNAPSHOT.jar:?]
	at org.bukkit.plugin.java.PluginClassLoader.loadClass(PluginClassLoader.java:172) ~[paper-api-1.21.8-R0.1-SNAPSHOT.jar:?]
	at java.base/java.lang.ClassLoader.loadClass(ClassLoader.java:526) ~[?:?]
	... 21 more
[15:45:51] [Server thread/INFO]: [Geyser-Spigot] Loading server plugin Geyser-Spigot v2.9.1-SNAPSHOT
[15:45:52] [Server thread/INFO]: [Geyser-Spigot] Loading extensions...
[15:45:52] [Server thread/INFO]: [Geyser-Spigot] Loaded 0 extension(s)
[15:45:52] [Server thread/INFO]: [ViaBackwards] Loading server plugin ViaBackwards v5.0.3
[15:45:52] [Server thread/INFO]: Server permissions file permissions.yml is empty, ignoring it
[15:45:52] [Server thread/WARN]: **** SERVER IS RUNNING IN OFFLINE/INSECURE MODE!
[15:45:52] [Server thread/WARN]: The server will make no attempt to authenticate usernames. Beware.
[15:45:52] [Server thread/WARN]: While this makes the game possible to play without internet access, it also opens up the ability for hackers to connect with any username they choose.
[15:45:52] [Server thread/WARN]: To change this, set "online-mode" to "true" in the server.properties file.
[15:45:52] [Server thread/INFO]: Preparing level "world"
[15:45:53] [Server thread/INFO]: Preparing start region for dimension minecraft:overworld
[15:45:54] [Server thread/INFO]: Preparing spawn area: 0%
[15:45:54] [Server thread/INFO]: Preparing spawn area: 0%
[15:45:54] [Server thread/INFO]: Preparing spawn area: 0%
[15:45:54] [Server thread/INFO]: Preparing spawn area: 2%
[15:45:55] [Server thread/INFO]: Preparing spawn area: 2%
[15:45:55] [Server thread/INFO]: Time elapsed: 2179 ms
[15:45:55] [Server thread/INFO]: Preparing start region for dimension minecraft:the_nether
[15:45:55] [Server thread/INFO]: Preparing spawn area: 0%
[15:45:55] [Server thread/INFO]: Preparing spawn area: 0%
[15:45:56] [Server thread/INFO]: Preparing spawn area: 30%
[15:45:56] [Server thread/INFO]: Time elapsed: 1082 ms
[15:45:56] [Server thread/INFO]: Preparing start region for dimension minecraft:the_end
[15:45:56] [Server thread/INFO]: Preparing spawn area: 0%
[15:45:56] [Server thread/INFO]: Time elapsed: 210 ms
[15:45:56] [Server thread/INFO]: [floodgate] Enabling floodgate v2.2.4-SNAPSHOT (b116-0e3163c)
[15:45:57] [Server thread/INFO]: [ViaVersion] Enabling ViaVersion v5.5.2-SNAPSHOT
[15:45:57] [Server thread/INFO]: [ViaVersion] ViaVersion detected server version: 1.21.7-1.21.8 (772)
[15:45:57] [Server thread/INFO]: [Geyser-Spigot] Enabling Geyser-Spigot v2.9.1-SNAPSHOT
[15:45:58] [Server thread/INFO]: [ViaBackwards] Enabling ViaBackwards v5.0.3
[15:45:58] [Server thread/INFO]: [spark] Starting background profiler...
[15:45:59] [Server thread/INFO]: [Geyser-Spigot] ******************************************
[15:45:59] [Server thread/INFO]: [Geyser-Spigot] 
[15:45:59] [Server thread/INFO]: [Geyser-Spigot] Loading Geyser version 2.9.1-b999 (git-master-dbed595)
[15:45:59] [Server thread/INFO]: [Geyser-Spigot] 
[15:45:59] [Server thread/INFO]: [Geyser-Spigot] ******************************************
[15:46:03] [GeyserServer-3-1/INFO]: [Geyser-Spigot] Started Geyser on UDP port 16607
[15:46:03] [Server thread/INFO]: [Geyser-Spigot] Done (3.757s)! Run /geyser help for help!
[15:46:04] [Server thread/INFO]: Done preparing level "world" (11.688s)
[15:46:04] [Server thread/INFO]: Running delayed init tasks
[15:46:04] [Craft Scheduler Thread - 2 - ViaVersion/INFO]: [ViaVersion] Finished mapping loading, shutting down loader executor.
[15:46:04] [Server thread/INFO]: Done (32.564s)! For help, type "help"
[15:46:04] [Server thread/INFO]: [ViaVersion] You are running a development version of the plugin, please report any bugs to GitHub.
[15:46:13] [User Authenticator #0/INFO]: UUID of player Goj0 is 38c49b64-4c4f-3860-9cc7-470580cdccc6
[15:46:13] [Server thread/INFO]: [HorriblePlayerLoginEventHack] You have plugins listening to the PlayerLoginEvent, this will cause re-configuration APIs to be unavailable: [floodgate]
[15:46:16] [Server thread/INFO]: Goj0 joined the game
[15:46:16] [Server thread/INFO]: Goj0[/127.71.179.52:57395] logged in with entity id 19 at ([world]-18.381463950027108, 64.0, 1455.7472919197232)
[15:53:19] [Async Chat Thread - #0/INFO]: [Not Secure] <Goj0> -26 1451
[15:54:08] [Async Chat Thread - #0/INFO]: [Not Secure] <Goj0> -304 83 -1086
[16:08:30] [Server thread/INFO]: Villager Villager['Villager'/6264, uuid='c7dda855-8a0c-48cd-878e-7aaaeb119c67', l='ServerLevel[world]', x=24.73, y=82.00, z=-866.59, cpos=[1, -55], tl=10794, v=true] died, message: 'Villager was slain by Goj0'
[16:23:34] [Async Chat Thread - #2/INFO]: [Not Secure] <Goj0> -26 1451
[16:37:56] [Server thread/INFO]: Goj0 tried to swim in lava
[16:41:56] [Server thread/INFO]: Goj0 fell off some vines
[16:48:30] [Server thread/INFO]: Goj0 lost connection: Disconnected
[16:48:30] [Server thread/INFO]: Goj0 left the game
[16:48:37] [Server thread/INFO]: Stopping the server
[16:48:37] [Server thread/INFO]: Stopping server
[16:48:37] [Server thread/INFO]: [ViaBackwards] Disabling ViaBackwards v5.0.3
[16:48:37] [Server thread/INFO]: [Geyser-Spigot] Disabling Geyser-Spigot v2.9.1-SNAPSHOT
[16:48:37] [Server thread/INFO]: [Geyser-Spigot] Shutting down Geyser.
[16:48:37] [Server thread/INFO]: [Geyser-Spigot] Geyser shutdown successfully.
[16:48:38] [Server thread/INFO]: [ViaVersion] Disabling ViaVersion v5.5.2-SNAPSHOT
[16:48:38] [Server thread/INFO]: [ViaVersion] ViaVersion has been disabled; uninjected the platform and shut down the scheduler.
[16:48:38] [Server thread/INFO]: [floodgate] Disabling floodgate v2.2.4-SNAPSHOT (b116-0e3163c)
[16:48:38] [Server thread/INFO]: Saving players
[16:48:38] [WebSocketConnectReadThread-77/INFO]: [Geyser-Spigot] The skin uploader has been closed
[16:48:38] [Server thread/INFO]: Saving worlds
[16:48:38] [Server thread/INFO]: Saving chunks for level 'ServerLevel[world]'/minecraft:overworld
[16:48:38] [Server thread/INFO]: [ChunkHolderManager] Waiting 60s for chunk system to halt for world 'world'
[16:48:38] [Server thread/INFO]: [ChunkHolderManager] Halted chunk system for world 'world'
[16:48:38] [Server thread/INFO]: [ChunkHolderManager] Saving all chunkholders for world 'world'
[16:48:48] [Server thread/INFO]: [ChunkHolderManager] Saved 5914 block chunks, 5976 entity chunks, 0 poi chunks in world 'world', progress: 94.88
[16:48:49] [Server thread/INFO]: [ChunkHolderManager] Saved 6242 block chunks, 6309 entity chunks, 0 poi chunks in world 'world' in 11.18s
[16:48:49] [Server thread/INFO]: [ChunkHolderManager] Waiting 60s for chunk I/O to halt for world 'world'
[16:48:49] [Server thread/INFO]: [ChunkHolderManager] Halted I/O scheduler for world 'world'
[16:48:49] [Server thread/INFO]: Saving chunks for level 'ServerLevel[world_nether]'/minecraft:the_nether
[16:48:49] [Server thread/INFO]: [ChunkHolderManager] Waiting 60s for chunk system to halt for world 'world_nether'
[16:48:49] [Server thread/INFO]: [ChunkHolderManager] Halted chunk system for world 'world_nether'
[16:48:49] [Server thread/INFO]: [ChunkHolderManager] Saving all chunkholders for world 'world_nether'
[16:48:49] [Server thread/INFO]: [ChunkHolderManager] Saved 24 block chunks, 47 entity chunks, 0 poi chunks in world 'world_nether' in 0.04s
[16:48:49] [Server thread/INFO]: [ChunkHolderManager] Waiting 60s for chunk I/O to halt for world 'world_nether'
[16:48:49] [Server thread/INFO]: [ChunkHolderManager] Halted I/O scheduler for world 'world_nether'
[16:48:49] [Server thread/INFO]: Saving chunks for level 'ServerLevel[world_the_end]'/minecraft:the_end
[16:48:49] [Server thread/INFO]: [ChunkHolderManager] Waiting 60s for chunk system to halt for world 'world_the_end'
[16:48:49] [Server thread/INFO]: [ChunkHolderManager] Halted chunk system for world 'world_the_end'
[16:48:49] [Server thread/INFO]: [ChunkHolderManager] Saving all chunkholders for world 'world_the_end'
[16:48:49] [Server thread/INFO]: [ChunkHolderManager] Saved 0 block chunks, 10 entity chunks, 0 poi chunks in world 'world_the_end' in 0.00s
[16:48:49] [Server thread/INFO]: [ChunkHolderManager] Waiting 60s for chunk I/O to halt for world 'world_the_end'
[16:48:49] [Server thread/INFO]: [ChunkHolderManager] Halted I/O scheduler for world 'world_the_end'
[16:48:49] [Server thread/INFO]: ThreadedAnvilChunkStorage (world): All chunks are saved
[16:48:49] [Server thread/INFO]: ThreadedAnvilChunkStorage (DIM-1): All chunks are saved
[16:48:49] [Server thread/INFO]: ThreadedAnvilChunkStorage (DIM1): All chunks are saved
[16:48:49] [Server thread/INFO]: ThreadedAnvilChunkStorage: All dimensions are saved
[16:48:49] [Server thread/INFO]: Waiting for all RegionFile I/O tasks to complete...
[16:48:49] [Server thread/INFO]: All RegionFile I/O tasks to complete
[16:48:49] [Server thread/INFO]: [MoonriseCommon] Awaiting termination of worker pool for up to 60s...
[16:48:49] [Server thread/INFO]: [MoonriseCommon] Awaiting termination of I/O pool for up to 60s...
